2025-09-22 23:17:09,930 - INFO - context_portal_mcp.main - File logging configured to: ${workspaceFolder}/context_portal/./logs/conport.log
2025-09-22 23:17:09,930 - INFO - context_portal_mcp.core.config - Database filename set to: context.db
2025-09-22 23:17:09,930 - INFO - context_portal_mcp.main - Using database filename: context.db
2025-09-22 23:17:09,930 - INFO - context_portal_mcp.main - Parsed CLI args: Namespace(host='127.0.0.1', port=8000, workspace_id='${workspaceFolder}', auto_detect_workspace=True, workspace_search_start=None, no_auto_detect=False, mode='stdio', log_file='./logs/conport.log', db_path=None, base_path=None, db_filename='context.db', log_level='INFO')
2025-09-22 23:17:09,930 - INFO - context_portal_mcp.main - Starting ConPort in STDIO mode with workspace detection enabled
2025-09-22 23:17:09,930 - WARNING - context_portal_mcp.core.workspace_detector - workspace_id was literal '${workspaceFolder}', falling back to auto-detection
2025-09-22 23:17:09,930 - INFO - context_portal_mcp.core.workspace_detector - Workspace detected by strong indicators: /Users/nghiahoang/cook/apps/backend
2025-09-22 23:17:09,930 - INFO - context_portal_mcp.core.workspace_detector - Workspace detected by strong indicators: /Users/nghiahoang/cook/apps/backend
2025-09-22 23:17:09,931 - INFO - context_portal_mcp.core.workspace_detector - Auto-detected workspace: /Users/nghiahoang/cook/apps/backend
2025-09-22 23:17:09,931 - INFO - context_portal_mcp.core.workspace_detector - Workspace detected by strong indicators: /Users/nghiahoang/cook/apps/backend
2025-09-22 23:17:09,931 - INFO - context_portal_mcp.main - Workspace detection details: {'start_path': '/Users/nghiahoang/cook/apps/backend', 'detected_workspace': '/Users/nghiahoang/cook/apps/backend', 'context_portal_path': '/Users/nghiahoang/cook/apps/backend/context_portal', 'detection_method': 'strong_indicators', 'indicators_found': ['package.json', '.git', 'Makefile', '.gitignore', 'README.md'], 'environment_variables': {'VSCODE_WORKSPACE_FOLDER': None, 'CONPORT_WORKSPACE': None, 'PWD': '/Users/nghiahoang/cook/apps/backend', 'CWD': '/Users/nghiahoang/cook/apps/backend'}}
2025-09-22 23:17:09,931 - INFO - context_portal_mcp.main - Effective workspace ID: /Users/nghiahoang/cook/apps/backend
2025-09-22 23:17:09,931 - INFO - context_portal_mcp.main - Pre-warming database connection for workspace: /Users/nghiahoang/cook/apps/backend
2025-09-22 23:17:09,931 - INFO - context_portal_mcp.db.database - Alembic.ini not found. Creating at /Users/nghiahoang/cook/apps/backend/context_portal/alembic.ini
2025-09-22 23:17:09,931 - INFO - context_portal_mcp.db.database - Alembic env.py not found. Creating at /Users/nghiahoang/cook/apps/backend/context_portal/alembic/env.py
2025-09-22 23:17:09,931 - INFO - context_portal_mcp.db.database - Initial schema not found. Creating at /Users/nghiahoang/cook/apps/backend/context_portal/alembic/versions/2025_06_17_initial_schema.py
2025-09-22 23:17:09,931 - INFO - context_portal_mcp.main - File logging configured to: ${workspaceFolder}/context_portal/./logs/conport.log
2025-09-22 23:17:09,932 - INFO - context_portal_mcp.core.config - Database filename set to: context.db
2025-09-22 23:17:09,932 - INFO - context_portal_mcp.main - Using database filename: context.db
2025-09-22 23:17:09,932 - INFO - context_portal_mcp.main - Parsed CLI args: Namespace(host='127.0.0.1', port=8000, workspace_id='${workspaceFolder}', auto_detect_workspace=True, workspace_search_start=None, no_auto_detect=False, mode='stdio', log_file='./logs/conport.log', db_path=None, base_path=None, db_filename='context.db', log_level='INFO')
2025-09-22 23:17:09,932 - INFO - context_portal_mcp.main - Starting ConPort in STDIO mode with workspace detection enabled
2025-09-22 23:17:09,932 - INFO - context_portal_mcp.db.database - Alembic: Script directory /Users/nghiahoang/cook/apps/backend/context_portal/alembic confirmed to exist by Python.
2025-09-22 23:17:09,932 - WARNING - context_portal_mcp.core.workspace_detector - workspace_id was literal '${workspaceFolder}', falling back to auto-detection
2025-09-22 23:17:09,932 - INFO - context_portal_mcp.db.database - Running Alembic migrations for database: /Users/nghiahoang/cook/apps/backend/context_portal/context.db
2025-09-22 23:17:09,932 - INFO - context_portal_mcp.core.workspace_detector - Workspace detected by strong indicators: /Users/nghiahoang/cook/apps/backend
2025-09-22 23:17:09,932 - INFO - context_portal_mcp.core.workspace_detector - Workspace detected by strong indicators: /Users/nghiahoang/cook/apps/backend
2025-09-22 23:17:09,932 - INFO - context_portal_mcp.core.workspace_detector - Auto-detected workspace: /Users/nghiahoang/cook/apps/backend
2025-09-22 23:17:09,932 - INFO - context_portal_mcp.core.workspace_detector - Workspace detected by strong indicators: /Users/nghiahoang/cook/apps/backend
2025-09-22 23:17:09,932 - INFO - context_portal_mcp.main - Workspace detection details: {'start_path': '/Users/nghiahoang/cook/apps/backend', 'detected_workspace': '/Users/nghiahoang/cook/apps/backend', 'context_portal_path': '/Users/nghiahoang/cook/apps/backend/context_portal', 'detection_method': 'strong_indicators', 'indicators_found': ['package.json', '.git', 'Makefile', '.gitignore', 'README.md'], 'environment_variables': {'VSCODE_WORKSPACE_FOLDER': None, 'CONPORT_WORKSPACE': None, 'PWD': '/Users/nghiahoang/cook/apps/backend', 'CWD': '/Users/nghiahoang/cook/apps/backend'}}
2025-09-22 23:17:09,932 - INFO - context_portal_mcp.main - Effective workspace ID: /Users/nghiahoang/cook/apps/backend
2025-09-22 23:17:09,932 - INFO - context_portal_mcp.main - Pre-warming database connection for workspace: /Users/nghiahoang/cook/apps/backend
2025-09-22 23:17:09,933 - INFO - context_portal_mcp.db.database - Alembic: Script directory /Users/nghiahoang/cook/apps/backend/context_portal/alembic confirmed to exist by Python.
2025-09-22 23:17:09,933 - INFO - context_portal_mcp.db.database - Running Alembic migrations for database: /Users/nghiahoang/cook/apps/backend/context_portal/context.db
2025-09-22 23:18:01,033 - INFO - context_portal_mcp.main - File logging configured to: ${workspaceFolder}/context_portal/./logs/conport.log
2025-09-22 23:18:01,033 - INFO - context_portal_mcp.core.config - Database filename set to: context.db
2025-09-22 23:18:01,033 - INFO - context_portal_mcp.main - Using database filename: context.db
2025-09-22 23:18:01,033 - INFO - context_portal_mcp.main - Parsed CLI args: Namespace(host='127.0.0.1', port=8000, workspace_id='${workspaceFolder}', auto_detect_workspace=True, workspace_search_start=None, no_auto_detect=False, mode='stdio', log_file='./logs/conport.log', db_path=None, base_path=None, db_filename='context.db', log_level='INFO')
2025-09-22 23:18:01,033 - INFO - context_portal_mcp.main - Starting ConPort in STDIO mode with workspace detection enabled
2025-09-22 23:18:01,033 - WARNING - context_portal_mcp.core.workspace_detector - workspace_id was literal '${workspaceFolder}', falling back to auto-detection
2025-09-22 23:18:01,033 - INFO - context_portal_mcp.core.workspace_detector - Workspace detected by strong indicators: /Users/nghiahoang/cook/apps/backend
2025-09-22 23:18:01,033 - INFO - context_portal_mcp.core.workspace_detector - Workspace detected by strong indicators: /Users/nghiahoang/cook/apps/backend
2025-09-22 23:18:01,033 - INFO - context_portal_mcp.core.workspace_detector - Auto-detected workspace: /Users/nghiahoang/cook/apps/backend
2025-09-22 23:18:01,034 - INFO - context_portal_mcp.core.workspace_detector - Workspace detected by strong indicators: /Users/nghiahoang/cook/apps/backend
2025-09-22 23:18:01,034 - INFO - context_portal_mcp.main - Workspace detection details: {'start_path': '/Users/nghiahoang/cook/apps/backend', 'detected_workspace': '/Users/nghiahoang/cook/apps/backend', 'context_portal_path': '/Users/nghiahoang/cook/apps/backend/context_portal', 'detection_method': 'strong_indicators', 'indicators_found': ['package.json', '.git', 'Makefile', '.gitignore', 'README.md'], 'environment_variables': {'VSCODE_WORKSPACE_FOLDER': None, 'CONPORT_WORKSPACE': None, 'PWD': '/Users/nghiahoang/cook/apps/backend', 'CWD': '/Users/nghiahoang/cook/apps/backend'}}
2025-09-22 23:18:01,034 - INFO - context_portal_mcp.main - Effective workspace ID: /Users/nghiahoang/cook/apps/backend
2025-09-22 23:18:01,034 - INFO - context_portal_mcp.main - Pre-warming database connection for workspace: /Users/nghiahoang/cook/apps/backend
2025-09-22 23:18:01,034 - INFO - context_portal_mcp.db.database - Alembic: Script directory /Users/nghiahoang/cook/apps/backend/context_portal/alembic confirmed to exist by Python.
2025-09-22 23:18:01,034 - INFO - context_portal_mcp.db.database - Running Alembic migrations for database: /Users/nghiahoang/cook/apps/backend/context_portal/context.db
